This file contains any messages produced by compilers while
running configure, to aid debugging if configure makes a mistake.

It was created by RcppGSL configure 0.1.0, which was
generated by GNU Autoconf 2.61.  Invocation command line was

  $ ./configure 

## --------- ##
## Platform. ##
## --------- ##

hostname = dying-PC
uname -m = x86_64
uname -r = 2.6.38-9-generic
uname -s = Linux
uname -v = #43-Ubuntu SMP Thu Apr 28 15:23:06 UTC 2011

/usr/bin/uname -p = unknown
/bin/uname -X     = unknown

/bin/arch              = unknown
/usr/bin/arch -k       = unknown
/usr/convex/getsysinfo = unknown
/usr/bin/hostinfo      = unknown
/bin/machine           = unknown
/usr/bin/oslevel       = unknown
/bin/universe          = unknown

PATH: /usr/local/cuda/bin
PATH: /usr/lib/libfm
PATH: /usr/local/sbin
PATH: /usr/local/bin
PATH: /usr/sbin
PATH: /usr/bin
PATH: /sbin
PATH: /bin
PATH: /usr/games
PATH: /usr/local/matlab2010/bin


## ----------- ##
## Core tests. ##
## ----------- ##

configure:1696: checking for gcc
configure:1712: found /usr/bin/gcc
configure:1723: result: gcc
configure:1961: checking for C compiler version
configure:1968: gcc --version >&5
gcc (Ubuntu/Linaro 4.5.2-8ubuntu4) 4.5.2
Copyright (C) 2010 Free Software Foundation, Inc.
This is free software; see the source for copying conditions.  There is NO
warranty; not even for MERCHANTABILITY or FITNESS FOR A PARTICULAR PURPOSE.

configure:1971: $? = 0
configure:1978: gcc -v >&5
Using built-in specs.
COLLECT_GCC=gcc
COLLECT_LTO_WRAPPER=/usr/lib/x86_64-linux-gnu/gcc/x86_64-linux-gnu/4.5.2/lto-wrapper
Target: x86_64-linux-gnu
Configured with: ../src/configure -v --with-pkgversion='Ubuntu/Linaro 4.5.2-8ubuntu4' --with-bugurl=file:///usr/share/doc/gcc-4.5/README.Bugs --enable-languages=c,c++,fortran,objc,obj-c++ --prefix=/usr --program-suffix=-4.5 --enable-shared --enable-multiarch --with-multiarch-defaults=x86_64-linux-gnu --enable-linker-build-id --with-system-zlib --libexecdir=/usr/lib/x86_64-linux-gnu --without-included-gettext --enable-threads=posix --with-gxx-include-dir=/usr/include/c++/4.5 --libdir=/usr/lib/x86_64-linux-gnu --enable-nls --with-sysroot=/ --enable-clocale=gnu --enable-libstdcxx-debug --enable-libstdcxx-time=yes --enable-plugin --enable-gold --enable-ld=default --with-plugin-ld=ld.gold --enable-objc-gc --disable-werror --with-arch-32=i686 --with-tune=generic --enable-checking=release --build=x86_64-linux-gnu --host=x86_64-linux-gnu --target=x86_64-linux-gnu
Thread model: posix
gcc version 4.5.2 (Ubuntu/Linaro 4.5.2-8ubuntu4) 
configure:1981: $? = 0
configure:1988: gcc -V >&5
gcc: '-V' option must have argument
configure:1991: $? = 1
configure:2014: checking for C compiler default output file name
configure:2041: gcc    conftest.c  >&5
configure:2044: $? = 0
configure:2082: result: a.out
configure:2099: checking whether the C compiler works
configure:2109: ./a.out
configure:2112: $? = 0
configure:2129: result: yes
configure:2136: checking whether we are cross compiling
configure:2138: result: no
configure:2141: checking for suffix of executables
configure:2148: gcc -o conftest    conftest.c  >&5
configure:2151: $? = 0
configure:2175: result: 
configure:2181: checking for suffix of object files
configure:2207: gcc -c   conftest.c >&5
configure:2210: $? = 0
configure:2233: result: o
configure:2237: checking whether we are using the GNU C compiler
configure:2266: gcc -c   conftest.c >&5
configure:2272: $? = 0
configure:2289: result: yes
configure:2294: checking whether gcc accepts -g
configure:2324: gcc -c -g  conftest.c >&5
configure:2330: $? = 0
configure:2429: result: yes
configure:2446: checking for gcc option to accept ISO C89
configure:2520: gcc  -c -g -O2  conftest.c >&5
configure:2526: $? = 0
configure:2549: result: none needed
configure:2573: checking for gsl-config
configure:2591: found /usr/bin/gsl-config
configure:2603: result: /usr/bin/gsl-config
configure:2628: checking for Rscript
configure:2644: found /usr/bin/Rscript
configure:2655: result: yes
configure:2818: creating ./config.status

## ---------------------- ##
## Running config.status. ##
## ---------------------- ##

This file was extended by RcppGSL config.status 0.1.0, which was
generated by GNU Autoconf 2.61.  Invocation command line was

  CONFIG_FILES    = 
  CONFIG_HEADERS  = 
  CONFIG_LINKS    = 
  CONFIG_COMMANDS = 
  $ ./config.status 

on dying-PC

config.status:577: creating src/Makevars

## ---------------- ##
## Cache variables. ##
## ---------------- ##

ac_cv_c_compiler_gnu=yes
ac_cv_env_CC_set=
ac_cv_env_CC_value=
ac_cv_env_CFLAGS_set=
ac_cv_env_CFLAGS_value=
ac_cv_env_CPPFLAGS_set=
ac_cv_env_CPPFLAGS_value=
ac_cv_env_LDFLAGS_set=
ac_cv_env_LDFLAGS_value=
ac_cv_env_LIBS_set=
ac_cv_env_LIBS_value=
ac_cv_env_build_alias_set=
ac_cv_env_build_alias_value=
ac_cv_env_host_alias_set=
ac_cv_env_host_alias_value=
ac_cv_env_target_alias_set=
ac_cv_env_target_alias_value=
ac_cv_objext=o
ac_cv_path_GSL_CONFIG=/usr/bin/gsl-config
ac_cv_prog_RSCRIPT=yes
ac_cv_prog_ac_ct_CC=gcc
ac_cv_prog_cc_c89=
ac_cv_prog_cc_g=yes

## ----------------- ##
## Output variables. ##
## ----------------- ##

CC='gcc'
CFLAGS='-g -O2'
CPPFLAGS=''
DEFS='-DPACKAGE_NAME=\"RcppGSL\" -DPACKAGE_TARNAME=\"rcppgsl\" -DPACKAGE_VERSION=\"0.1.0\" -DPACKAGE_STRING=\"RcppGSL\ 0.1.0\" -DPACKAGE_BUGREPORT=\"\"'
ECHO_C=''
ECHO_N='-n'
ECHO_T=''
EXEEXT=''
GSL_CFLAGS='-I/usr/include'
GSL_CONFIG='/usr/bin/gsl-config'
GSL_LIBS='-L/usr/lib -lgsl -lgslcblas -lm'
LDFLAGS=''
LIBOBJS=''
LIBS=''
LTLIBOBJS=''
OBJEXT='o'
PACKAGE_BUGREPORT=''
PACKAGE_NAME='RcppGSL'
PACKAGE_STRING='RcppGSL 0.1.0'
PACKAGE_TARNAME='rcppgsl'
PACKAGE_VERSION='0.1.0'
PATH_SEPARATOR=':'
RCPP_CXXFLAGS='-I/home/dying/R/x86_64-pc-linux-gnu-library/2.13/Rcpp/include'
RCPP_LDFLAGS='-L/home/dying/R/x86_64-pc-linux-gnu-library/2.13/Rcpp/lib -lRcpp -Wl,-rpath,/home/dying/R/x86_64-pc-linux-gnu-library/2.13/Rcpp/lib'
RSCRIPT='yes'
SHELL='/bin/bash'
ac_ct_CC='gcc'
bindir='${exec_prefix}/bin'
build_alias=''
datadir='${datarootdir}'
datarootdir='${prefix}/share'
docdir='${datarootdir}/doc/${PACKAGE_TARNAME}'
dvidir='${docdir}'
exec_prefix='${prefix}'
host_alias=''
htmldir='${docdir}'
includedir='${prefix}/include'
infodir='${datarootdir}/info'
libdir='${exec_prefix}/lib'
libexecdir='${exec_prefix}/libexec'
localedir='${datarootdir}/locale'
localstatedir='${prefix}/var'
mandir='${datarootdir}/man'
oldincludedir='/usr/include'
pdfdir='${docdir}'
prefix='/usr/local'
program_transform_name='s,x,x,'
psdir='${docdir}'
sbindir='${exec_prefix}/sbin'
sharedstatedir='${prefix}/com'
sysconfdir='${prefix}/etc'
target_alias=''

## ----------- ##
## confdefs.h. ##
## ----------- ##

#define PACKAGE_NAME "RcppGSL"
#define PACKAGE_TARNAME "rcppgsl"
#define PACKAGE_VERSION "0.1.0"
#define PACKAGE_STRING "RcppGSL 0.1.0"
#define PACKAGE_BUGREPORT ""

configure: exit 0
